#
# There is insufficient memory for the Java Runtime Environment to continue.
# Native memory allocation (mmap) failed to map 134217728 bytes for Failed to commit area from 0x0000000700000000 to 0x0000000708000000 of length 134217728.
# Possible reasons:
#   The system is out of physical RAM or swap space
#   The process is running with CompressedOops enabled, and the Java Heap may be blocking the growth of the native heap
# Possible solutions:
#   Reduce memory load on the system
#   Increase physical memory or swap space
#   Check if swap backing store is full
#   Decrease Java heap size (-Xmx/-Xms)
#   Decrease number of Java threads
#   Decrease Java thread stack sizes (-Xss)
#   Set larger code cache with -XX:ReservedCodeCacheSize=
# This output file may be truncated or incomplete.
#
#  Out of Memory Error (t:/workspace/hotspot/src/os/windows/vm/os_windows.cpp:3357), pid=3260, tid=21724
#
# JRE version:  (9.0+11) (build )
# Java VM: Java HotSpot(TM) 64-Bit Server VM (9.0.4+11, mixed mode, tiered, compressed oops, g1 gc, windows-amd64)
# No core dump will be written. Minidumps are not enabled by default on client versions of Windows
#

---------------  S U M M A R Y ------------

Command Line: -Dsun.java2d.pmoffscreen=false -Dsun.java2d.xrender=false -Dsun.java2d.d3d=false -Dsun.awt.nopixfmt=true -Dsun.java2d.dpiaware=true -Dsun.java2d.uiScale.enabled=false -Xverify:none -Dswing.aatext=true -XX:-UsePerfData -Djdk.map.althashing.threshold=512 -XX:StringTableSize=4072 --add-opens=java.base/java.nio=ALL-UNNAMED --add-opens=java.desktop/sun.swing=ALL-UNNAMED --add-opens=java.desktop/javax.swing=ALL-UNNAMED --add-opens=java.desktop/javax.swing.tree=ALL-UNNAMED --add-opens=java.desktop/javax.swing.plaf.basic=ALL-UNNAMED --add-opens=java.desktop/javax.swing.plaf.synth=ALL-UNNAMED --add-opens=java.desktop/com.sun.awt=ALL-UNNAMED -XX:NewSize=60m -XX:MaxNewSize=60m -Xms128m -Xmx3072m -Xss5m 

Host: AMD Ryzen 5 5600H with Radeon Graphics         , 12 cores, 5G,  Windows 10 , 64 bit Build 22621 (10.0.22621.4391)
Time: Thu Dec 19 05:32:11 2024 SE Asia Standard Time elapsed time: 0 seconds (0d 0h 0m 0s)

---------------  T H R E A D  ---------------

Current thread (0x000001d0bf9ae800):  JavaThread "Unknown thread" [_thread_in_vm, id=21724, stack(0x0000004dbe400000,0x0000004dbe500000)]

Stack: [0x0000004dbe400000,0x0000004dbe500000]
Native frames: (J=compiled Java code, j=interpreted, Vv=VM code, C=native code)
V  [jvm.dll+0x587068]
V  [jvm.dll+0x69c25e]
V  [jvm.dll+0x69d17a]
V  [jvm.dll+0x69d7b3]
V  [jvm.dll+0x21d198]
V  [jvm.dll+0x584bb4]
V  [jvm.dll+0x57a095]
V  [jvm.dll+0x2cd67b]
V  [jvm.dll+0x2cd5e3]
V  [jvm.dll+0x2cd4b2]
V  [jvm.dll+0x2cf4b3]
V  [jvm.dll+0x3191e3]
V  [jvm.dll+0x3198f6]
V  [jvm.dll+0x3192e3]
V  [jvm.dll+0x2adeb8]
V  [jvm.dll+0x2af0e7]
V  [jvm.dll+0x67b34d]
V  [jvm.dll+0x67c70c]
V  [jvm.dll+0x3269c9]
V  [jvm.dll+0x66555e]
V  [jvm.dll+0x391811]
V  [jvm.dll+0x3937c1]
C  [librdi_commontasks.dll+0x95673]
C  [librdi_commontasks.dll+0x9597f]
C  [librdi_commontasks.dll+0x942ea]
C  [librdi_commontasks.dll+0x7809a]
C  [librdi_commontasks.dll+0x778e4]
C  [librdi_commontasks.dll+0x77b67]
C  [librdi_commontasks.dll+0x77a29]
C  [ucrtbase.dll+0x29333]
C  [KERNEL32.DLL+0x1259d]
C  [ntdll.dll+0x5af38]


---------------  P R O C E S S  ---------------

Java Threads: ( => current thread )

Other Threads:
  0x000001d0bb1f7800 GCTaskThread "GC Thread#0" [stack: 0x0000004dbfc00000,0x0000004dbfd00000] [id=22000]
  0x000001d0bf9af000 GCTaskThread "GC Thread#1" [stack: 0x0000004dbfd00000,0x0000004dbfe00000] [id=9964]
  0x000001d0bb1b1800 GCTaskThread "GC Thread#2" [stack: 0x0000004dbfe00000,0x0000004dbff00000] [id=2440]
  0x000001d0bee1d800 GCTaskThread "GC Thread#3" [stack: 0x0000004dbff00000,0x0000004dc0000000] [id=8916]
  0x000001d0bef25000 GCTaskThread "GC Thread#4" [stack: 0x0000004dc0000000,0x0000004dc0100000] [id=11160]
  0x000001d0bf877000 GCTaskThread "GC Thread#5" [stack: 0x0000004dc0100000,0x0000004dc0200000] [id=2500]
  0x000001d0bb21d000 GCTaskThread "GC Thread#6" [stack: 0x0000004dc0200000,0x0000004dc0300000] [id=13024]
  0x000001d0bf839800 GCTaskThread "GC Thread#7" [stack: 0x0000004dc0300000,0x0000004dc0400000] [id=18728]
  0x000001d0be915800 GCTaskThread "GC Thread#8" [stack: 0x0000004dc0400000,0x0000004dc0500000] [id=10508]
  0x000001d0bbcd8800 GCTaskThread "GC Thread#9" [stack: 0x0000004dc0500000,0x0000004dc0600000] [id=20900]
  0x000001d0bbe9e800 ConcurrentGCThread "G1 Main Marker" [stack: 0x0000004dc1100000,0x0000004dc1200000] [id=7672]
  0x000001d0bbe9f000 ConcurrentGCThread "G1 Marker#0" [stack: 0x0000004dc1200000,0x0000004dc1300000] [id=3440]
  0x000001d0bb990000 ConcurrentGCThread "G1 Marker#1" [stack: 0x0000004dc1300000,0x0000004dc1400000] [id=2144]
  0x000001d0beadc800 ConcurrentGCThread "G1 Marker#2" [stack: 0x0000004dc1400000,0x0000004dc1500000] [id=9040]
  0x000001d0bea4a800 ConcurrentGCThread "G1 Refine#0" [stack: 0x0000004dc0f00000,0x0000004dc1000000] [id=8920]
  0x000001d0bef1f000 ConcurrentGCThread "G1 Refine#1" [stack: 0x0000004dc0e00000,0x0000004dc0f00000] [id=2580]
  0x000001d0bef1e800 ConcurrentGCThread "G1 Refine#2" [stack: 0x0000004dc0d00000,0x0000004dc0e00000] [id=3100]
  0x000001d0beae1000 ConcurrentGCThread "G1 Refine#3" [stack: 0x0000004dc0c00000,0x0000004dc0d00000] [id=2056]
  0x000001d0beae0800 ConcurrentGCThread "G1 Refine#4" [stack: 0x0000004dc0b00000,0x0000004dc0c00000] [id=11192]
  0x000001d0b56b4800 ConcurrentGCThread "G1 Refine#5" [stack: 0x0000004dc0a00000,0x0000004dc0b00000] [id=2684]
  0x000001d0b56b4000 ConcurrentGCThread "G1 Refine#6" [stack: 0x0000004dc0900000,0x0000004dc0a00000] [id=20784]
  0x000001d0bfa59000 ConcurrentGCThread "G1 Refine#7" [stack: 0x0000004dc0800000,0x0000004dc0900000] [id=2404]
  0x000001d0bf834000 ConcurrentGCThread "G1 Refine#8" [stack: 0x0000004dc0700000,0x0000004dc0800000] [id=17416]
  0x000001d0bb262000 ConcurrentGCThread "G1 Refine#9" [stack: 0x0000004dc0600000,0x0000004dc0700000] [id=1792]
  0x000001d0bea4b800 ConcurrentGCThread "G1 Young RemSet Sampling" [stack: 0x0000004dc1000000,0x0000004dc1100000] [id=20384]

=>0x000001d0bf9ae800 (exited) JavaThread "Unknown thread" [_thread_in_vm, id=21724, stack(0x0000004dbe400000,0x0000004dbe500000)]

Threads with active compile tasks:

VM state:not at safepoint (not fully initialized)

VM Mutex/Monitor currently owned by a thread:  ([mutex/lock_event])
[0x000001d0bcbe6320] Heap_lock - owner thread: 0x000001d0bf9ae800

Heap address: 0x0000000700000000, size: 3072 MB, Compressed Oops mode: Non-zero based: 0x0000000700000000
Narrow klass base: 0x0000000000000000, Narrow klass shift: 0

GC Heap History (0 events):
No events

Deoptimization events (0 events):
No events

Classes redefined (0 events):
No events

Internal exceptions (0 events):
No events

Events (0 events):
No events


Dynamic libraries:
0x00007ff763e20000 - 0x00007ff763e50000 	E:\phan_mem_hoc\Vivado\2018.3\bin\unwrapped\win64.o\vivado.exe
0x00007ffdea310000 - 0x00007ffdea527000 	C:\WINDOWS\SYSTEM32\ntdll.dll
0x00007ffde8a30000 - 0x00007ffde8af4000 	C:\WINDOWS\System32\KERNEL32.DLL
0x00007ffde78a0000 - 0x00007ffde7c5a000 	C:\WINDOWS\System32\KERNELBASE.dll
0x00007ffde7e70000 - 0x00007ffde7f81000 	C:\WINDOWS\System32\ucrtbase.dll
0x00007ffdceb40000 - 0x00007ffdcebce000 	C:\WINDOWS\SYSTEM32\MSVCP140.dll
0x00007ffdaff50000 - 0x00007ffdaff64000 	E:\phan_mem_hoc\Vivado\2018.3\lib\win64.o\libboost_signals.dll
0x00007ffdb8ff0000 - 0x00007ffdb9004000 	E:\phan_mem_hoc\Vivado\2018.3\lib\win64.o\librdi_commonmain.dll
0x00007ffd6aa20000 - 0x00007ffd6b8b4000 	E:\phan_mem_hoc\Vivado\2018.3\lib\win64.o\librdi_common.dll
0x00007ffdcf910000 - 0x00007ffdcf92b000 	C:\WINDOWS\SYSTEM32\VCRUNTIME140.dll
0x00007ffde8eb0000 - 0x00007ffde905e000 	C:\WINDOWS\System32\USER32.dll
0x00007ffdceb30000 - 0x00007ffdceb3c000 	C:\WINDOWS\SYSTEM32\VCRUNTIME140_1.dll
0x00007ffde75e0000 - 0x00007ffde7606000 	C:\WINDOWS\System32\win32u.dll
0x00007ffde8740000 - 0x00007ffde8769000 	C:\WINDOWS\System32\GDI32.dll
0x00007ffdb8b60000 - 0x00007ffdb8b6a000 	E:\phan_mem_hoc\Vivado\2018.3\lib\win64.o\librdi_commonversion.dll
0x00007ffdb0fd0000 - 0x00007ffdb0ff6000 	E:\phan_mem_hoc\Vivado\2018.3\lib\win64.o\libboost_filesystem.dll
0x00007ffd6b8c0000 - 0x00007ffd6b9e1000 	E:\phan_mem_hoc\Vivado\2018.3\lib\win64.o\librdi_commonxillic.dll
0x00007ffdea210000 - 0x00007ffdea2c2000 	C:\WINDOWS\System32\ADVAPI32.dll
0x00007ffde7610000 - 0x00007ffde772b000 	C:\WINDOWS\System32\gdi32full.dll
0x00007ffde8d10000 - 0x00007ffde8db7000 	C:\WINDOWS\System32\msvcrt.dll
0x00007ffde7dd0000 - 0x00007ffde7e6a000 	C:\WINDOWS\System32\msvcp_win.dll
0x000000006fd30000 - 0x000000006fe5b000 	E:\phan_mem_hoc\Vivado\2018.3\lib\win64.o\tcl85t.dll
0x00007ffde8dc0000 - 0x00007ffde8e67000 	C:\WINDOWS\System32\sechost.dll
0x00007ffde86c0000 - 0x00007ffde8731000 	C:\WINDOWS\System32\WS2_32.dll
0x00007ffd6a6b0000 - 0x00007ffd6aa1e000 	E:\phan_mem_hoc\Vivado\2018.3\lib\win64.o\libCOIN-all.dll
0x00007ffde9990000 - 0x00007ffdea208000 	C:\WINDOWS\System32\SHELL32.dll
0x00007ffde8b00000 - 0x00007ffde8c14000 	C:\WINDOWS\System32\RPCRT4.dll
0x00007ffde7730000 - 0x00007ffde7758000 	C:\WINDOWS\System32\bcrypt.dll
0x00007ffd6a3f0000 - 0x00007ffd6a6a5000 	E:\phan_mem_hoc\Vivado\2018.3\lib\win64.o\libXil_lmgr11.dll
0x00007ffde85c0000 - 0x00007ffde86c0000 	C:\WINDOWS\System32\COMDLG32.dll
0x00007ffdb0020000 - 0x00007ffdb0034000 	E:\phan_mem_hoc\Vivado\2018.3\lib\win64.o\libboost_date_time.dll
0x00007ffde90f0000 - 0x00007ffde947f000 	C:\WINDOWS\System32\combase.dll
0x00007ffdaffa0000 - 0x00007ffdb001f000 	E:\phan_mem_hoc\Vivado\2018.3\lib\win64.o\libboost_program_options.dll
0x00007ffde80e0000 - 0x00007ffde81da000 	C:\WINDOWS\System32\shcore.dll
0x00007ffd67d30000 - 0x00007ffd67e44000 	E:\phan_mem_hoc\Vivado\2018.3\lib\win64.o\libboost_regex.dll
0x00007ffdb10f0000 - 0x00007ffdb10fb000 	E:\phan_mem_hoc\Vivado\2018.3\lib\win64.o\libboost_system.dll
0x00007ffde8c60000 - 0x00007ffde8cbe000 	C:\WINDOWS\System32\SHLWAPI.dll
0x00007ffdafc80000 - 0x00007ffdafca1000 	E:\phan_mem_hoc\Vivado\2018.3\lib\win64.o\libboost_thread.dll
0x00007ffdb0fc0000 - 0x00007ffdb0fcf000 	E:\phan_mem_hoc\Vivado\2018.3\lib\win64.o\libboost_xilinx.dll
0x00007ffde8770000 - 0x00007ffde8847000 	C:\WINDOWS\System32\OLEAUT32.dll
0x00007ffd7bc20000 - 0x00007ffd7bca2000 	E:\phan_mem_hoc\Vivado\2018.3\lib\win64.o\libhdlpsolve.dll
0x00007ffd6a130000 - 0x00007ffd6a1d5000 	E:\phan_mem_hoc\Vivado\2018.3\lib\win64.o\libhdxml.dll
0x00007ffde81e0000 - 0x00007ffde8385000 	C:\WINDOWS\System32\ole32.dll
0x00007ffd68a40000 - 0x00007ffd6928e600 	E:\phan_mem_hoc\Vivado\2018.3\lib\win64.o\libisl_iostreams.dll
0x00007ffdaf970000 - 0x00007ffdaf99e000 	E:\phan_mem_hoc\Vivado\2018.3\lib\win64.o\libisl_sysinfo.dll
0x00007ffde7820000 - 0x00007ffde7892000 	C:\WINDOWS\System32\WINTRUST.dll
0x00007ffd6bc50000 - 0x00007ffd6bcb5000 	E:\phan_mem_hoc\Vivado\2018.3\lib\win64.o\liblmx6.0.dll
0x00007ffdaff30000 - 0x00007ffdaff4a000 	E:\phan_mem_hoc\Vivado\2018.3\lib\win64.o\pthreadVC2.dll
0x00007ffde7c60000 - 0x00007ffde7dc6000 	C:\WINDOWS\System32\CRYPT32.dll
0x00007ffdaff80000 - 0x00007ffdaff9c000 	E:\phan_mem_hoc\Vivado\2018.3\lib\win64.o\librdiconfig.dll
0x00007ffdaf870000 - 0x00007ffdaf891000 	E:\phan_mem_hoc\Vivado\2018.3\lib\win64.o\librdizlib.dll
0x0000000012000000 - 0x0000000012272000 	E:\phan_mem_hoc\Vivado\2018.3\lib\win64.o\xerces-c_3_1.dll
0x00007ffdcf930000 - 0x00007ffdcf949000 	C:\WINDOWS\SYSTEM32\NETAPI32.dll
0x00007ffdcfc60000 - 0x00007ffdd015e000 	C:\WINDOWS\SYSTEM32\WININET.dll
0x00007ffde26f0000 - 0x00007ffde2826000 	C:\WINDOWS\SYSTEM32\WINHTTP.dll
0x00007ffddbf20000 - 0x00007ffddc110000 	C:\WINDOWS\SYSTEM32\urlmon.dll
0x00007ffdc7dc0000 - 0x00007ffdc7dc9000 	C:\WINDOWS\SYSTEM32\WSOCK32.dll
0x00007ffd69290000 - 0x00007ffd6a121000 	E:\phan_mem_hoc\Vivado\2018.3\lib\win64.o\gurobi65.dll
0x00007ffde31f0000 - 0x00007ffde3221000 	C:\WINDOWS\SYSTEM32\VCOMP140.DLL
0x00007ffdd4f90000 - 0x00007ffdd5043000 	C:\WINDOWS\WinSxS\amd64_microsoft.windows.common-controls_6595b64144ccf1df_5.82.22621.3527_none_b43b7f4b638cc64f\COMCTL32.dll
0x00007ffde31e0000 - 0x00007ffde31ed000 	E:\phan_mem_hoc\Vivado\2018.3\lib\win64.o\libboost_chrono.dll
0x00007ffde15e0000 - 0x00007ffde1605000 	E:\phan_mem_hoc\Vivado\2018.3\lib\win64.o\libisl_iosutils.dll
0x00007ffde1610000 - 0x00007ffde162b000 	E:\phan_mem_hoc\Vivado\2018.3\lib\win64.o\libboost_iostreams.dll
0x00007ffde2430000 - 0x00007ffde244f000 	C:\WINDOWS\SYSTEM32\dhcpcsvc.DLL
0x00007ffddbc60000 - 0x00007ffddbf1e000 	C:\WINDOWS\SYSTEM32\iertutil.dll
0x00007ffde60b0000 - 0x00007ffde60bc000 	C:\WINDOWS\SYSTEM32\netutils.dll
0x00007ffddd600000 - 0x00007ffddd628000 	C:\WINDOWS\SYSTEM32\srvcli.dll
0x00007ffde8e70000 - 0x00007ffde8ea1000 	C:\WINDOWS\System32\IMM32.DLL
0x00007ffde7280000 - 0x00007ffde7292000 	C:\WINDOWS\SYSTEM32\MSASN1.dll
0x00007ffde66d0000 - 0x00007ffde66e8000 	C:\WINDOWS\SYSTEM32\kernel.appcore.dll
0x00007ffd68540000 - 0x00007ffd68a35000 	E:\phan_mem_hoc\Vivado\2018.3\lib\win64.o\librdi_commontasks.dll
0x00007ffddeb00000 - 0x00007ffddeb0a000 	C:\WINDOWS\SYSTEM32\VERSION.dll
0x00007ffd682c0000 - 0x00007ffd6853f000 	E:\phan_mem_hoc\Vivado\2018.3\lib\win64.o\librdi_sio.dll
0x000000006df50000 - 0x000000006e975000 	E:\phan_mem_hoc\Vivado\2018.3\tps\win64\jre9.0.4\bin\server\jvm.dll
0x00007ffde8390000 - 0x00007ffde8398000 	C:\WINDOWS\System32\PSAPI.DLL
0x00007ffde60c0000 - 0x00007ffde60ed000 	C:\WINDOWS\SYSTEM32\IPHLPAPI.DLL
0x00007ffde0c00000 - 0x00007ffde0c34000 	C:\WINDOWS\SYSTEM32\WINMM.dll
0x00007ffde14f0000 - 0x00007ffde15df000 	C:\WINDOWS\SYSTEM32\MSVCR120.dll
0x00007ffde6b40000 - 0x00007ffde6ba9000 	C:\WINDOWS\SYSTEM32\MSWSOCK.DLL
0x00007ffde54e0000 - 0x00007ffde5de8000 	C:\WINDOWS\SYSTEM32\windows.storage.dll
0x00007ffde53a0000 - 0x00007ffde54df000 	C:\WINDOWS\SYSTEM32\wintypes.dll
0x00007ffd3aa00000 - 0x00007ffd3cdc2000 	E:\phan_mem_hoc\Vivado\2018.3\lib\win64.o\librdi_tcltasks.dll
0x00007ffd3a620000 - 0x00007ffd3a9fc000 	E:\phan_mem_hoc\Vivado\2018.3\lib\win64.o\librdi_bitstream.dll
0x00007ffdd38b0000 - 0x00007ffdd391a000 	E:\phan_mem_hoc\Vivado\2018.3\lib\win64.o\librdi_boarddep.dll
0x00007ffdd2b50000 - 0x00007ffdd2cce000 	E:\phan_mem_hoc\Vivado\2018.3\lib\win64.o\librdi_board.dll
0x00007ffd8b560000 - 0x00007ffd8b63c000 	E:\phan_mem_hoc\Vivado\2018.3\lib\win64.o\librdi_chipscope.dll
0x00007ffd4cac0000 - 0x00007ffd4cc79000 	E:\phan_mem_hoc\Vivado\2018.3\lib\win64.o\librdi_chipscopeimpl.dll
0x00007ffd38d10000 - 0x00007ffd3a615000 	E:\phan_mem_hoc\Vivado\2018.3\lib\win64.o\librdi_constraints.dll
0x00007ffd36ef0000 - 0x00007ffd38d0f000 	E:\phan_mem_hoc\Vivado\2018.3\lib\win64.o\librdi_coregen.dll
0x00007ffd44840000 - 0x00007ffd44988000 	E:\phan_mem_hoc\Vivado\2018.3\lib\win64.o\librdi_containers.dll
0x00007ffd36810000 - 0x00007ffd36eea000 	E:\phan_mem_hoc\Vivado\2018.3\lib\win64.o\librdi_coregenipxact.dll
0x00007ffd32a10000 - 0x00007ffd3680b000 	E:\phan_mem_hoc\Vivado\2018.3\lib\win64.o\librdi_designutils.dll
0x00007ffd21cb0000 - 0x00007ffd32a02000 	E:\phan_mem_hoc\Vivado\2018.3\lib\win64.o\librdi_device.dll
0x00007ffd43c50000 - 0x00007ffd43f6b000 	E:\phan_mem_hoc\Vivado\2018.3\lib\win64.o\librdi_dlyest.dll
0x00007ffd21750000 - 0x00007ffd21cb0000 	E:\phan_mem_hoc\Vivado\2018.3\lib\win64.o\librdi_drc.dll
0x00007ffdd2920000 - 0x00007ffdd29e2000 	E:\phan_mem_hoc\Vivado\2018.3\lib\win64.o\librdi_dsp.dll
0x00007ffd21110000 - 0x00007ffd2174f000 	E:\phan_mem_hoc\Vivado\2018.3\lib\win64.o\librdi_filemgmt.dll
0x00007ffd20e30000 - 0x00007ffd2110a000 	E:\phan_mem_hoc\Vivado\2018.3\lib\win64.o\librdi_guitools.dll
0x00007ffd1fa90000 - 0x00007ffd20e21000 	E:\phan_mem_hoc\Vivado\2018.3\lib\win64.o\librdi_implflow.dll
0x00007ffdd3850000 - 0x00007ffdd38ad000 	E:\phan_mem_hoc\Vivado\2018.3\lib\win64.o\librdi_hdf.dll
0x00007ffd1f470000 - 0x00007ffd1fa85000 	E:\phan_mem_hoc\Vivado\2018.3\lib\win64.o\librdi_memdata.dll
0x00007ffd1bac0000 - 0x00007ffd1f46c000 	E:\phan_mem_hoc\Vivado\2018.3\lib\win64.o\librdi_mig.dll
0x00007ffdd35f0000 - 0x00007ffdd3661000 	E:\phan_mem_hoc\Vivado\2018.3\lib\win64.o\librdi_memoryarray.dll
0x00007ffd1b480000 - 0x00007ffd1babb000 	E:\phan_mem_hoc\Vivado\2018.3\lib\win64.o\librdi_netlist.dll
0x00007ffdd3800000 - 0x00007ffdd3850000 	E:\phan_mem_hoc\Vivado\2018.3\lib\win64.o\librdi_pfi.dll
0x00007ffd18f60000 - 0x00007ffd1b474000 	E:\phan_mem_hoc\Vivado\2018.3\lib\win64.o\librdi_place.dll
0x00007ffd18c50000 - 0x00007ffd18f57000 	E:\phan_mem_hoc\Vivado\2018.3\lib\win64.o\librdi_platform.dll
0x00007ffd18550000 - 0x00007ffd18c45000 	E:\phan_mem_hoc\Vivado\2018.3\lib\win64.o\librdi_power.dll
0x00007ffd17ff0000 - 0x00007ffd18546000 	E:\phan_mem_hoc\Vivado\2018.3\lib\win64.o\librdi_project.dll
0x00007ffd178f0000 - 0x00007ffd17fe3000 	E:\phan_mem_hoc\Vivado\2018.3\lib\win64.o\librdi_psta.dll
0x00007ffd17210000 - 0x00007ffd178e9000 	E:\phan_mem_hoc\Vivado\2018.3\lib\win64.o\librdi_rsb.dll
0x00007ffd16e30000 - 0x00007ffd17207000 	E:\phan_mem_hoc\Vivado\2018.3\lib\win64.o\librdi_runs.dll
0x00007ffd7d0e0000 - 0x00007ffd7d1b8000 	E:\phan_mem_hoc\Vivado\2018.3\lib\win64.o\librdi_runsbase.dll
0x00007ffd16c00000 - 0x00007ffd16e28000 	E:\phan_mem_hoc\Vivado\2018.3\lib\win64.o\librdi_simdata.dll
0x00007ffd15e70000 - 0x00007ffd16bfd000 	E:\phan_mem_hoc\Vivado\2018.3\lib\win64.o\librdi_timing.dll
0x00007ffd15d10000 - 0x00007ffd15e64000 	E:\phan_mem_hoc\Vivado\2018.3\lib\win64.o\librdi_advchipscopeimpl.dll
0x00007ffde1440000 - 0x00007ffde148c000 	E:\phan_mem_hoc\Vivado\2018.3\lib\win64.o\libboost_serialization.dll
0x00007ffdaaad0000 - 0x00007ffdaab88000 	E:\phan_mem_hoc\Vivado\2018.3\lib\win64.o\librdi_hip_devdesign.dll
0x00007ffd7cdc0000 - 0x00007ffd7ce6b000 	E:\phan_mem_hoc\Vivado\2018.3\lib\win64.o\librdi_ipconfig_readwrite.dll
0x00007ffdd3390000 - 0x00007ffdd33c8000 	E:\phan_mem_hoc\Vivado\2018.3\lib\win64.o\librdi_noc_frameworks.dll
0x00007ffd148b0000 - 0x00007ffd153f7000 	E:\phan_mem_hoc\Vivado\2018.3\lib\win64.o\libverific.dll
0x00007ffd15950000 - 0x00007ffd15d05000 	E:\phan_mem_hoc\Vivado\2018.3\lib\win64.o\librdi_hip_config.dll
0x00007ffd15400000 - 0x00007ffd1594e000 	E:\phan_mem_hoc\Vivado\2018.3\lib\win64.o\librdi_xdm.dll
0x00007ffdae3e0000 - 0x00007ffdae47e000 	E:\phan_mem_hoc\Vivado\2018.3\lib\win64.o\libise.dll
0x00007ffd66090000 - 0x00007ffd66674000 	E:\phan_mem_hoc\Vivado\2018.3\lib\win64.o\librdi_wavedata.dll
0x00007ffdd3340000 - 0x00007ffdd3389000 	E:\phan_mem_hoc\Vivado\2018.3\lib\win64.o\librdi_wavedata_SimpleApi.dll
0x00007ffdd2ae0000 - 0x00007ffdd2b43000 	E:\phan_mem_hoc\Vivado\2018.3\lib\win64.o\librdi_hip_mathengine.dll
0x00007ffd13650000 - 0x00007ffd14652000 	E:\phan_mem_hoc\Vivado\2018.3\lib\win64.o\librdi_route.dll

VM Arguments:
jvm_args: -Dsun.java2d.pmoffscreen=false -Dsun.java2d.xrender=false -Dsun.java2d.d3d=false -Dsun.awt.nopixfmt=true -Dsun.java2d.dpiaware=true -Dsun.java2d.uiScale.enabled=false -Xverify:none -Dswing.aatext=true -XX:-UsePerfData -Djdk.map.althashing.threshold=512 -XX:StringTableSize=4072 --add-opens=java.base/java.nio=ALL-UNNAMED --add-opens=java.desktop/sun.swing=ALL-UNNAMED --add-opens=java.desktop/javax.swing=ALL-UNNAMED --add-opens=java.desktop/javax.swing.tree=ALL-UNNAMED --add-opens=java.desktop/javax.swing.plaf.basic=ALL-UNNAMED --add-opens=java.desktop/javax.swing.plaf.synth=ALL-UNNAMED --add-opens=java.desktop/com.sun.awt=ALL-UNNAMED -XX:NewSize=60m -XX:MaxNewSize=60m -Xms128m -Xmx3072m -Xss5m 
java_command: <unknown>
java_class_path (initial): E:/phan_mem_hoc/Vivado/2018.3\lib\classes\alloy.jar;E:/phan_mem_hoc/Vivado/2018.3\lib\classes\autopilot.scelaborator.jar;E:/phan_mem_hoc/Vivado/2018.3\lib\classes\autopilot.sourceprocessor.jar;E:/phan_mem_hoc/Vivado/2018.3\lib\classes\autopilot.tbprocessor.jar;E:/phan_mem_hoc/Vivado/2018.3\lib\classes\batik-anim.jar;E:/phan_mem_hoc/Vivado/2018.3\lib\classes\batik-awt-util.jar;E:/phan_mem_hoc/Vivado/2018.3\lib\classes\batik-bridge.jar;E:/phan_mem_hoc/Vivado/2018.3\lib\classes\batik-codec.jar;E:/phan_mem_hoc/Vivado/2018.3\lib\classes\batik-css.jar;E:/phan_mem_hoc/Vivado/2018.3\lib\classes\batik-dom.jar;E:/phan_mem_hoc/Vivado/2018.3\lib\classes\batik-ext.jar;E:/phan_mem_hoc/Vivado/2018.3\lib\classes\batik-gui-util.jar;E:/phan_mem_hoc/Vivado/2018.3\lib\classes\batik-gvt.jar;E:/phan_mem_hoc/Vivado/2018.3\lib\classes\batik-parser.jar;E:/phan_mem_hoc/Vivado/2018.3\lib\classes\batik-script.jar;E:/phan_mem_hoc/Vivado/2018.3\lib\classes\batik-svg-dom.jar;E:/phan_mem_hoc/Vivado/2018.3\lib\classes\batik-swing.jar;E:/phan_mem_hoc/Vivado/2018.3\lib\classes\batik-transcoder.jar;E:/phan_mem_hoc/Vivado/2018.3\lib\classes\batik-util.jar;E:/phan_mem_hoc/Vivado/2018.3\lib\classes\batik-xml.jar;E:/phan_mem_hoc/Vivado/2018.3\lib\classes\com.ibm.icu_4.4.2.v20110208.jar;E:/phan_mem_hoc/Vivado/2018.3\lib\classes\commons-collections4-4.1.jar;E:/phan_mem_hoc/Vivado/2018.3\lib\classes\commons-math-2.2.jar;E:/phan_mem_hoc/Vivado/2018.3\lib\classes\dom4j-1.6.1.jar;E:/phan_mem_hoc/Vivado/2018.3\lib\classes\guava-18.0.jar;E:/phan_mem_hoc/Vivado/2018.3\lib\classes\help.jar;E:/phan_mem_hoc/Vivado/2018.3\lib\classes\hsqldb.jar;E:/phan_mem_hoc/Vivado/2018.3\lib\classes\jargs.jar;E:/phan_mem_hoc/Vivado/2018.3\lib\classes\jaxb-api-2.3.0.jar;E:/phan_mem_hoc/Vivado/2018.3\lib\classes\jh.jar;E:/phan_mem_hoc/Vivado/2018.3\lib\classes\jide-action.jar;E:/phan_mem_hoc/Vivado/2018.3\lib\classes\jide-charts.jar;E:/phan_mem_hoc/Vivado/2018.3\lib\classes\jide-common.jar;E:/phan_mem_hoc
Launcher Type: generic

Logging:
Log output configuration:
#0: stdout all=warning uptime,level,tags
#1: stderr all=off uptime,level,tags

Environment Variables:
JAVA_HOME=C:\Program Files\Java\jdk-21
PATH=E:/phan_mem_hoc/Vivado/2018.3/bin;E:/phan_mem_hoc/Vivado/2018.3/lib/win64.o;E:/phan_mem_hoc/Vivado/2018.3/tps/win64/jre9.0.4/bin/server;E:/phan_mem_hoc/Vivado/2018.3/tps/win64/jre9.0.4/bin;E:/phan_mem_hoc/SDK/2018.3/bin;E:/phan_mem_hoc/Vivado/2018.3/ids_lite/ISE/bin/nt64;E:/phan_mem_hoc/Vivado/2018.3/ids_lite/ISE/lib/nt64;E:/phan_mem_hoc/Vivado/2018.3/msys64/usr/bin;E:/phan_mem_hoc/Vivado/2018.3/msys64/mingw64/bin;E:/phan_mem_hoc/Vivado/2018.3/win64/bin;E:/phan_mem_hoc/Vivado/2018.3/win64/tools/bin;E:\phan_mem_hoc\Vivado\2018.3\bin\..\msys64\mingw64\bin;E:\phan_mem_hoc\Vivado\2018.3\bin\..\msys64\usr\bin;C:\Program Files\Java\jdk-21\bin;C:\Program Files\Common Files\Oracle\Java\javapath;C:\Program Files (x86)\Common Files\Oracle\Java\javapath;C:\Windows\system32;C:\Windows;C:\Windows\System32\Wbem;C:\Windows\System32\WindowsPowerShell\v1.0\;C:\Windows\System32\OpenSSH\;C:\Program Files (x86)\NVIDIA Corporation\PhysX\Common;C:\Program Files\NVIDIA Corporation\NVIDIA NvDLISR;C:\FPC\3.2.2\bin\i386-Win32;E:\laptrinh\nodeJS;C:\Users\PHAM TIEP\AppData\Local\Packages\PythonSoftwareFoundation.Python.3.11_qbz5n2kfra8p0\LocalCache\local-packages\Python311\site-packages\jupyterlab;C:\Program Files\MySQL\MySQL Shell 8.0\bin\;C:\Users\PHAM TIEP\AppData\Local\Microsoft\WindowsApps;D:\Microsoft VS Code\bin;D:\dowloads\mingw64\bin;C:\msys64\mingw64\bin;C:\Users\PHAM TIEP\AppData\Local\GitHubDesktop\bin;C:\Users\PHAM TIEP\AppData\Roaming\npm;C:\apache-maven-3.6.0\bin;E:\phan_mem_hoc\mysql\bin;C:\Program Files\Docker\Docker\resources\bin;C:\Program Files (x86)\Microsoft SQL Server\160\Tools\Binn\;C:\Program Files\Microsoft SQL Server\160\Tools\Binn\;C:\Program Files\Microsoft SQL Server\Client SDK\ODBC\170\Tools\Binn\;C:\Program Files\Microsoft SQL Server\160\DTS\Binn\;E:\Git\cmd;E:\phan_mem_hoc\environment\Scripts;C:\Users\PHAM TIEP\AppData\Local\afreeca;E:\phan mem hoc\MiKTex\miktex\bin\x64\;E:\phan_mem_hoc\IntelliJ IDEA 2024.1.1\bin;;E:\phan_mem_hoc\New folder (2)\New folder\mik
USERNAME=PHAM TIEP
LD_LIBRARY_PATH=E:/phan_mem_hoc/Vivado/2018.3/win64/tools/gdb_v7_2;E:/phan_mem_hoc/Vivado/2018.3/win64/tools/graphviz/lib;E:/phan_mem_hoc/Vivado/2018.3/win64/bin;E:/phan_mem_hoc/Vivado/2018.3/win64/tools/fpo_v7_0;E:/phan_mem_hoc/Vivado/2018.3/win64/tools/fft_v9_1;E:/phan_mem_hoc/Vivado/2018.3/win64/tools/opencv;E:/phan_mem_hoc/Vivado/2018.3/win64/tools/fir_v7_0;E:/phan_mem_hoc/Vivado/2018.3/win64/tools/dds_v6_0;E:/phan_mem_hoc/Vivado/2018.3/win64/lib/csim
OS=Windows_NT
PROCESSOR_IDENTIFIER=AMD64 Family 25 Model 80 Stepping 0, AuthenticAMD



---------------  S Y S T E M  ---------------

OS: Windows 10 , 64 bit Build 22621 (10.0.22621.4391)

CPU:total 12 (initial active 12) (12 cores per cpu, 1 threads per core) family 25 model 80 stepping 0, cmov, cx8, fxsr, mmx, sse, sse2, sse3, ssse3, sse4.1, sse4.2, popcnt, avx, avx2, aes, clmul, erms, mmxext, 3dnowpref, lzcnt, sse4a, tsc, tscinvbit, tscinv, bmi1

Memory: 4k page, physical 6139972k(587120k free), swap 12175132k(70496k free)

vm_info: Java HotSpot(TM) 64-Bit Server VM (9.0.4+11) for windows-amd64 JRE (9.0.4+11), built on Dec 20 2017 02:18:54 by "mach5one" with MS VC++ 12.0 (VS2013)

END.
