#-----------------------------------------------------------
# Vivado v2018.3 (64-bit)
# SW Build 2405991 on Thu Dec  6 23:38:27 MST 2018
# IP Build 2404404 on Fri Dec  7 01:43:56 MST 2018
# Start of session at: Thu Dec 19 05:42:33 2024
# Process ID: 10972
# Current directory: E:/laptrinh/vivado/final_project/tradeoff_balance/sim/verilog
# Command line: vivado.exe -source open_wave.tcl
# Log file: E:/laptrinh/vivado/final_project/tradeoff_balance/sim/verilog/vivado.log
# Journal file: E:/laptrinh/vivado/final_project/tradeoff_balance/sim/verilog\vivado.jou
#-----------------------------------------------------------
start_gui
source open_wave.tcl
# current_fileset
INFO: [IP_Flow 19-234] Refreshing IP repositories
INFO: [IP_Flow 19-1704] No user IP repositories specified
INFO: [IP_Flow 19-2313] Loaded Vivado IP repository 'E:/phan_mem_hoc/Vivado/2018.3/data/ip'.
current_fileset: Time (s): cpu = 00:00:04 ; elapsed = 00:00:06 . Memory (MB): peak = 900.520 ; gain = 326.074
# open_wave_database matrix_conv.wdboopen_wave_config E:/laptrinh/vivado/final_project/tradeoff_balance/sim/verilog/matrix_conv.wcfgcsave_wave_config {E:/laptrinh/vivado/final_project/tradeoff_balance/sim/verilog/matrix_conv.wcfg}
close_sim
INFO: [Simtcl 6-16] Simulation closed
exit
INFO: [Common 17-206] Exiting Vivado at Thu Dec 19 06:34:46 2024...
