
*** Running vivado
    with args -log system_matrix_conv_0_0.vds -m64 -product Vivado -mode batch -messageDb vivado.pb -notrace -source system_matrix_conv_0_0.tcl


****** Vivado v2018.3 (64-bit)
  **** SW Build 2405991 on Thu Dec  6 23:38:27 MST 2018
  **** IP Build 2404404 on Fri Dec  7 01:43:56 MST 2018
    ** Copyright 1986-2018 Xilinx, Inc. All Rights Reserved.

source system_matrix_conv_0_0.tcl -notrace
INFO: [IP_Flow 19-234] Refreshing IP repositories
INFO: [IP_Flow 19-1700] Loaded user IP repository 'e:/laptrinh/vivado/final_project/base_sol/impl/verilog'.
INFO: [IP_Flow 19-2313] Loaded Vivado IP repository 'E:/phan_mem_hoc/Vivado/2018.3/data/ip'.
Command: synth_design -top system_matrix_conv_0_0 -part xc7z020clg484-1 -mode out_of_context
Starting synth_design
Attempting to get a license for feature 'Synthesis' and/or device 'xc7z020'
INFO: [Common 17-349] Got license for feature 'Synthesis' and/or device 'xc7z020'
INFO: Launching helper process for spawning children vivado processes
INFO: Helper process launched with PID 12384 
---------------------------------------------------------------------------------
Starting RTL Elaboration : Time (s): cpu = 00:00:00 ; elapsed = 00:00:02 . Memory (MB): peak = 395.031 ; gain = 100.965
---------------------------------------------------------------------------------
INFO: [Synth 8-6157] synthesizing module 'system_matrix_conv_0_0' [e:/laptrinh/vivado/final_project/convolution_mat/convolution_mat.srcs/sources_1/bd/system/ip/system_matrix_conv_0_0/synth/system_matrix_conv_0_0.v:58]
INFO: [Synth 8-6157] synthesizing module 'matrix_conv' [e:/laptrinh/vivado/final_project/convolution_mat/convolution_mat.srcs/sources_1/bd/system/ipshared/9c12/hdl/verilog/matrix_conv.v:12]
	Parameter ap_ST_fsm_state1 bound to: 6'b000001 
	Parameter ap_ST_fsm_state2 bound to: 6'b000010 
	Parameter ap_ST_fsm_state3 bound to: 6'b000100 
	Parameter ap_ST_fsm_state4 bound to: 6'b001000 
	Parameter ap_ST_fsm_state5 bound to: 6'b010000 
	Parameter ap_ST_fsm_state6 bound to: 6'b100000 
INFO: [Synth 8-5534] Detected attribute (* fsm_encoding = "none" *) [e:/laptrinh/vivado/final_project/convolution_mat/convolution_mat.srcs/sources_1/bd/system/ipshared/9c12/hdl/verilog/matrix_conv.v:63]
INFO: [Synth 8-6157] synthesizing module 'matrix_conv_mac_mbkb' [e:/laptrinh/vivado/final_project/convolution_mat/convolution_mat.srcs/sources_1/bd/system/ipshared/9c12/hdl/verilog/matrix_conv_mac_mbkb.v:33]
	Parameter ID bound to: 1 - type: integer 
	Parameter NUM_STAGE bound to: 1 - type: integer 
	Parameter din0_WIDTH bound to: 8 - type: integer 
	Parameter din1_WIDTH bound to: 8 - type: integer 
	Parameter din2_WIDTH bound to: 16 - type: integer 
	Parameter dout_WIDTH bound to: 16 - type: integer 
INFO: [Synth 8-6157] synthesizing module 'matrix_conv_mac_mbkb_DSP48_0' [e:/laptrinh/vivado/final_project/convolution_mat/convolution_mat.srcs/sources_1/bd/system/ipshared/9c12/hdl/verilog/matrix_conv_mac_mbkb.v:10]
INFO: [Synth 8-6155] done synthesizing module 'matrix_conv_mac_mbkb_DSP48_0' (1#1) [e:/laptrinh/vivado/final_project/convolution_mat/convolution_mat.srcs/sources_1/bd/system/ipshared/9c12/hdl/verilog/matrix_conv_mac_mbkb.v:10]
INFO: [Synth 8-6155] done synthesizing module 'matrix_conv_mac_mbkb' (2#1) [e:/laptrinh/vivado/final_project/convolution_mat/convolution_mat.srcs/sources_1/bd/system/ipshared/9c12/hdl/verilog/matrix_conv_mac_mbkb.v:33]
INFO: [Synth 8-6155] done synthesizing module 'matrix_conv' (3#1) [e:/laptrinh/vivado/final_project/convolution_mat/convolution_mat.srcs/sources_1/bd/system/ipshared/9c12/hdl/verilog/matrix_conv.v:12]
INFO: [Synth 8-6155] done synthesizing module 'system_matrix_conv_0_0' (4#1) [e:/laptrinh/vivado/final_project/convolution_mat/convolution_mat.srcs/sources_1/bd/system/ip/system_matrix_conv_0_0/synth/system_matrix_conv_0_0.v:58]
---------------------------------------------------------------------------------
Finished RTL Elaboration : Time (s): cpu = 00:00:01 ; elapsed = 00:00:02 . Memory (MB): peak = 450.523 ; gain = 156.457
---------------------------------------------------------------------------------

Report Check Netlist: 
+------+------------------+-------+---------+-------+------------------+
|      |Item              |Errors |Warnings |Status |Description       |
+------+------------------+-------+---------+-------+------------------+
|1     |multi_driven_nets |      0|        0|Passed |Multi driven nets |
+------+------------------+-------+---------+-------+------------------+
---------------------------------------------------------------------------------
Start Handling Custom Attributes
---------------------------------------------------------------------------------
---------------------------------------------------------------------------------
Finished Handling Custom Attributes : Time (s): cpu = 00:00:01 ; elapsed = 00:00:02 . Memory (MB): peak = 450.523 ; gain = 156.457
---------------------------------------------------------------------------------
---------------------------------------------------------------------------------
Finished RTL Optimization Phase 1 : Time (s): cpu = 00:00:01 ; elapsed = 00:00:02 . Memory (MB): peak = 450.523 ; gain = 156.457
---------------------------------------------------------------------------------
INFO: [Device 21-403] Loading part xc7z020clg484-1
INFO: [Project 1-570] Preparing netlist for logic optimization

Processing XDC Constraints
Initializing timing engine
Parsing XDC File [e:/laptrinh/vivado/final_project/convolution_mat/convolution_mat.srcs/sources_1/bd/system/ip/system_matrix_conv_0_0/constraints/matrix_conv_ooc.xdc] for cell 'inst'
Finished Parsing XDC File [e:/laptrinh/vivado/final_project/convolution_mat/convolution_mat.srcs/sources_1/bd/system/ip/system_matrix_conv_0_0/constraints/matrix_conv_ooc.xdc] for cell 'inst'
Parsing XDC File [E:/laptrinh/vivado/final_project/convolution_mat/convolution_mat.runs/system_matrix_conv_0_0_synth_1/dont_touch.xdc]
Finished Parsing XDC File [E:/laptrinh/vivado/final_project/convolution_mat/convolution_mat.runs/system_matrix_conv_0_0_synth_1/dont_touch.xdc]
Completed Processing XDC Constraints

Netlist sorting complete. Time (s): cpu = 00:00:00 ; elapsed = 00:00:00 . Memory (MB): peak = 809.520 ; gain = 0.000
INFO: [Project 1-111] Unisim Transformation Summary:
No Unisim elements were transformed.

Netlist sorting complete. Time (s): cpu = 00:00:00 ; elapsed = 00:00:00 . Memory (MB): peak = 809.520 ; gain = 0.000
Constraint Validation Runtime : Time (s): cpu = 00:00:00 ; elapsed = 00:00:00.021 . Memory (MB): peak = 811.035 ; gain = 1.516
---------------------------------------------------------------------------------
Finished Constraint Validation : Time (s): cpu = 00:00:03 ; elapsed = 00:00:09 . Memory (MB): peak = 811.035 ; gain = 516.969
---------------------------------------------------------------------------------
---------------------------------------------------------------------------------
Start Loading Part and Timing Information
---------------------------------------------------------------------------------
Loading part: xc7z020clg484-1
---------------------------------------------------------------------------------
Finished Loading Part and Timing Information : Time (s): cpu = 00:00:03 ; elapsed = 00:00:09 . Memory (MB): peak = 811.035 ; gain = 516.969
---------------------------------------------------------------------------------
---------------------------------------------------------------------------------
Start Applying 'set_property' XDC Constraints
---------------------------------------------------------------------------------
Applied set_property DONT_TOUCH = true for inst. (constraint file  E:/laptrinh/vivado/final_project/convolution_mat/convolution_mat.runs/system_matrix_conv_0_0_synth_1/dont_touch.xdc, line 9).
---------------------------------------------------------------------------------
Finished applying 'set_property' XDC Constraints : Time (s): cpu = 00:00:03 ; elapsed = 00:00:09 . Memory (MB): peak = 811.035 ; gain = 516.969
---------------------------------------------------------------------------------
WARNING: [Synth 8-3936] Found unconnected internal register 'tmp_11_reg_387_reg' and it is trimmed from '7' to '6' bits. [e:/laptrinh/vivado/final_project/convolution_mat/convolution_mat.srcs/sources_1/bd/system/ipshared/9c12/hdl/verilog/matrix_conv.v:225]
WARNING: [Synth 8-3936] Found unconnected internal register 'tmp_13_reg_392_reg' and it is trimmed from '5' to '4' bits. [e:/laptrinh/vivado/final_project/convolution_mat/convolution_mat.srcs/sources_1/bd/system/ipshared/9c12/hdl/verilog/matrix_conv.v:226]
INFO: [Synth 8-4490] FSM extraction disabled for register 'ap_CS_fsm_reg' through user attribute
INFO: [Synth 8-4490] FSM extraction disabled for register 'ap_CS_fsm_reg' through user attribute
INFO: [Synth 8-5544] ROM "exitcond3_fu_168_p2" won't be mapped to Block RAM because address size (4) smaller than threshold (5)
INFO: [Synth 8-5544] ROM "exitcond1_fu_208_p2" won't be mapped to Block RAM because address size (2) smaller than threshold (5)
INFO: [Synth 8-5544] ROM "exitcond2_fu_192_p2" won't be mapped to Block RAM because address size (4) smaller than threshold (5)
INFO: [Synth 8-5544] ROM "exitcond_fu_296_p2" won't be mapped to Block RAM because address size (2) smaller than threshold (5)
---------------------------------------------------------------------------------
Finished RTL Optimization Phase 2 : Time (s): cpu = 00:00:03 ; elapsed = 00:00:09 . Memory (MB): peak = 811.035 ; gain = 516.969
---------------------------------------------------------------------------------

Report RTL Partitions: 
+-+--------------+------------+----------+
| |RTL Partition |Replication |Instances |
+-+--------------+------------+----------+
+-+--------------+------------+----------+
---------------------------------------------------------------------------------
Start RTL Component Statistics 
---------------------------------------------------------------------------------
Detailed RTL Component Info : 
+---Adders : 
	   2 Input      8 Bit       Adders := 1     
	   2 Input      7 Bit       Adders := 1     
	   2 Input      6 Bit       Adders := 1     
	   2 Input      4 Bit       Adders := 5     
	   3 Input      4 Bit       Adders := 1     
	   2 Input      2 Bit       Adders := 2     
+---Registers : 
	               16 Bit    Registers := 2     
	                6 Bit    Registers := 2     
	                4 Bit    Registers := 5     
	                2 Bit    Registers := 4     
	                1 Bit    Registers := 1     
+---Muxes : 
	   2 Input     16 Bit        Muxes := 1     
	   2 Input      6 Bit        Muxes := 1     
	   2 Input      5 Bit        Muxes := 1     
	   2 Input      4 Bit        Muxes := 1     
	   2 Input      3 Bit        Muxes := 1     
	   2 Input      2 Bit        Muxes := 1     
	   2 Input      1 Bit        Muxes := 5     
---------------------------------------------------------------------------------
Finished RTL Component Statistics 
---------------------------------------------------------------------------------
---------------------------------------------------------------------------------
Start RTL Hierarchical Component Statistics 
---------------------------------------------------------------------------------
Hierarchical RTL Component report 
Module matrix_conv 
Detailed RTL Component Info : 
+---Adders : 
	   2 Input      8 Bit       Adders := 1     
	   2 Input      7 Bit       Adders := 1     
	   2 Input      6 Bit       Adders := 1     
	   2 Input      4 Bit       Adders := 5     
	   3 Input      4 Bit       Adders := 1     
	   2 Input      2 Bit       Adders := 2     
+---Registers : 
	               16 Bit    Registers := 2     
	                6 Bit    Registers := 2     
	                4 Bit    Registers := 5     
	                2 Bit    Registers := 4     
	                1 Bit    Registers := 1     
+---Muxes : 
	   2 Input     16 Bit        Muxes := 1     
	   2 Input      6 Bit        Muxes := 1     
	   2 Input      5 Bit        Muxes := 1     
	   2 Input      4 Bit        Muxes := 1     
	   2 Input      3 Bit        Muxes := 1     
	   2 Input      2 Bit        Muxes := 1     
	   2 Input      1 Bit        Muxes := 5     
---------------------------------------------------------------------------------
Finished RTL Hierarchical Component Statistics
---------------------------------------------------------------------------------
---------------------------------------------------------------------------------
Start Part Resource Summary
---------------------------------------------------------------------------------
Part Resources:
DSPs: 220 (col length:60)
BRAMs: 280 (col length: RAMB18 60 RAMB36 30)
---------------------------------------------------------------------------------
Finished Part Resource Summary
---------------------------------------------------------------------------------
---------------------------------------------------------------------------------
Start Cross Boundary and Area Optimization
---------------------------------------------------------------------------------
Warning: Parallel synthesis criteria is not met 
INFO: [Synth 8-5544] ROM "exitcond_fu_296_p2" won't be mapped to Block RAM because address size (2) smaller than threshold (5)
INFO: [Synth 8-5544] ROM "exitcond1_fu_208_p2" won't be mapped to Block RAM because address size (2) smaller than threshold (5)
INFO: [Synth 8-5544] ROM "exitcond3_fu_168_p2" won't be mapped to Block RAM because address size (4) smaller than threshold (5)
INFO: [Synth 8-5544] ROM "exitcond2_fu_192_p2" won't be mapped to Block RAM because address size (4) smaller than threshold (5)
DSP Report: Generating DSP matrix_conv_mac_mbkb_U1/matrix_conv_mac_mbkb_DSP48_0_U/p, operation Mode is: (P or C)+(A*B or 0).
DSP Report: register sum_1_reg_145_reg is absorbed into DSP matrix_conv_mac_mbkb_U1/matrix_conv_mac_mbkb_DSP48_0_U/p.
DSP Report: operator matrix_conv_mac_mbkb_U1/matrix_conv_mac_mbkb_DSP48_0_U/p is absorbed into DSP matrix_conv_mac_mbkb_U1/matrix_conv_mac_mbkb_DSP48_0_U/p.
DSP Report: operator matrix_conv_mac_mbkb_U1/matrix_conv_mac_mbkb_DSP48_0_U/m is absorbed into DSP matrix_conv_mac_mbkb_U1/matrix_conv_mac_mbkb_DSP48_0_U/p.
INFO: [Synth 8-3886] merging instance 'inst/tmp_10_cast_reg_366_reg[0]' (FDR) to 'inst/tmp_10_cast_reg_366_reg[2]'
INFO: [Synth 8-3886] merging instance 'inst/tmp_10_cast_reg_366_reg[1]' (FDR) to 'inst/tmp_10_cast_reg_366_reg[2]'
INFO: [Synth 8-3333] propagating constant 0 across sequential element (inst/\tmp_10_cast_reg_366_reg[2] )
INFO: [Synth 8-3333] propagating constant 0 across sequential element (inst/\tmp_11_reg_387_reg[0] )
---------------------------------------------------------------------------------
Finished Cross Boundary and Area Optimization : Time (s): cpu = 00:00:04 ; elapsed = 00:00:10 . Memory (MB): peak = 811.035 ; gain = 516.969
---------------------------------------------------------------------------------
---------------------------------------------------------------------------------
Start ROM, RAM, DSP and Shift Register Reporting
---------------------------------------------------------------------------------

DSP: Preliminary Mapping  Report (see note below)
+------------+---------------------+--------+--------+--------+--------+--------+------+------+------+------+-------+------+------+
|Module Name | DSP Mapping         | A Size | B Size | C Size | D Size | P Size | AREG | BREG | CREG | DREG | ADREG | MREG | PREG | 
+------------+---------------------+--------+--------+--------+--------+--------+------+------+------+------+-------+------+------+
|matrix_conv | (P or C)+(A*B or 0) | 8      | 8      | 16     | -      | 16     | 0    | 0    | 0    | -    | -     | 0    | 1    | 
+------------+---------------------+--------+--------+--------+--------+--------+------+------+------+------+-------+------+------+

Note: The table above is a preliminary report that shows the DSPs inferred at the current stage of the synthesis flow. Some DSP may be reimplemented as non DSP primitives later in the synthesis flow. Multiple instantiated DSPs are reported only once.
---------------------------------------------------------------------------------
Finished ROM, RAM, DSP and Shift Register Reporting
---------------------------------------------------------------------------------

Report RTL Partitions: 
+-+--------------+------------+----------+
| |RTL Partition |Replication |Instances |
+-+--------------+------------+----------+
+-+--------------+------------+----------+
---------------------------------------------------------------------------------
Start Applying XDC Timing Constraints
---------------------------------------------------------------------------------
---------------------------------------------------------------------------------
Finished Applying XDC Timing Constraints : Time (s): cpu = 00:00:07 ; elapsed = 00:00:18 . Memory (MB): peak = 837.098 ; gain = 543.031
---------------------------------------------------------------------------------
---------------------------------------------------------------------------------
Start Timing Optimization
---------------------------------------------------------------------------------
---------------------------------------------------------------------------------
Finished Timing Optimization : Time (s): cpu = 00:00:07 ; elapsed = 00:00:18 . Memory (MB): peak = 837.496 ; gain = 543.430
---------------------------------------------------------------------------------

Report RTL Partitions: 
+-+--------------+------------+----------+
| |RTL Partition |Replication |Instances |
+-+--------------+------------+----------+
+-+--------------+------------+----------+
---------------------------------------------------------------------------------
Start Technology Mapping
---------------------------------------------------------------------------------
---------------------------------------------------------------------------------
Finished Technology Mapping : Time (s): cpu = 00:00:07 ; elapsed = 00:00:18 . Memory (MB): peak = 857.242 ; gain = 563.176
---------------------------------------------------------------------------------

Report RTL Partitions: 
+-+--------------+------------+----------+
| |RTL Partition |Replication |Instances |
+-+--------------+------------+----------+
+-+--------------+------------+----------+
---------------------------------------------------------------------------------
Start IO Insertion
---------------------------------------------------------------------------------
---------------------------------------------------------------------------------
Start Flattening Before IO Insertion
---------------------------------------------------------------------------------
---------------------------------------------------------------------------------
Finished Flattening Before IO Insertion
---------------------------------------------------------------------------------
---------------------------------------------------------------------------------
Start Final Netlist Cleanup
---------------------------------------------------------------------------------
---------------------------------------------------------------------------------
Finished Final Netlist Cleanup
---------------------------------------------------------------------------------
---------------------------------------------------------------------------------
Finished IO Insertion : Time (s): cpu = 00:00:08 ; elapsed = 00:00:19 . Memory (MB): peak = 857.242 ; gain = 563.176
---------------------------------------------------------------------------------

Report Check Netlist: 
+------+------------------+-------+---------+-------+------------------+
|      |Item              |Errors |Warnings |Status |Description       |
+------+------------------+-------+---------+-------+------------------+
|1     |multi_driven_nets |      0|        0|Passed |Multi driven nets |
+------+------------------+-------+---------+-------+------------------+
---------------------------------------------------------------------------------
Start Renaming Generated Instances
---------------------------------------------------------------------------------
---------------------------------------------------------------------------------
Finished Renaming Generated Instances : Time (s): cpu = 00:00:08 ; elapsed = 00:00:19 . Memory (MB): peak = 857.242 ; gain = 563.176
---------------------------------------------------------------------------------

Report RTL Partitions: 
+-+--------------+------------+----------+
| |RTL Partition |Replication |Instances |
+-+--------------+------------+----------+
+-+--------------+------------+----------+
---------------------------------------------------------------------------------
Start Rebuilding User Hierarchy
---------------------------------------------------------------------------------
---------------------------------------------------------------------------------
Finished Rebuilding User Hierarchy : Time (s): cpu = 00:00:08 ; elapsed = 00:00:19 . Memory (MB): peak = 857.242 ; gain = 563.176
---------------------------------------------------------------------------------
---------------------------------------------------------------------------------
Start Renaming Generated Ports
---------------------------------------------------------------------------------
---------------------------------------------------------------------------------
Finished Renaming Generated Ports : Time (s): cpu = 00:00:08 ; elapsed = 00:00:19 . Memory (MB): peak = 857.242 ; gain = 563.176
---------------------------------------------------------------------------------
---------------------------------------------------------------------------------
Start Handling Custom Attributes
---------------------------------------------------------------------------------
---------------------------------------------------------------------------------
Finished Handling Custom Attributes : Time (s): cpu = 00:00:08 ; elapsed = 00:00:19 . Memory (MB): peak = 857.242 ; gain = 563.176
---------------------------------------------------------------------------------
---------------------------------------------------------------------------------
Start Renaming Generated Nets
---------------------------------------------------------------------------------
---------------------------------------------------------------------------------
Finished Renaming Generated Nets : Time (s): cpu = 00:00:08 ; elapsed = 00:00:19 . Memory (MB): peak = 857.242 ; gain = 563.176
---------------------------------------------------------------------------------
---------------------------------------------------------------------------------
Start Writing Synthesis Report
---------------------------------------------------------------------------------

Report BlackBoxes: 
+-+--------------+----------+
| |BlackBox name |Instances |
+-+--------------+----------+
+-+--------------+----------+

Report Cell Usage: 
+------+--------+------+
|      |Cell    |Count |
+------+--------+------+
|1     |DSP48E1 |     1|
|2     |LUT1    |     3|
|3     |LUT2    |    11|
|4     |LUT3    |    11|
|5     |LUT4    |    12|
|6     |LUT5    |     8|
|7     |LUT6    |    15|
|8     |FDRE    |    58|
|9     |FDSE    |     1|
+------+--------+------+

Report Instance Areas: 
+------+-------------------------------------+-----------------------------+------+
|      |Instance                             |Module                       |Cells |
+------+-------------------------------------+-----------------------------+------+
|1     |top                                  |                             |   120|
|2     |  inst                               |matrix_conv                  |   120|
|3     |    matrix_conv_mac_mbkb_U1          |matrix_conv_mac_mbkb         |     5|
|4     |      matrix_conv_mac_mbkb_DSP48_0_U |matrix_conv_mac_mbkb_DSP48_0 |     5|
+------+-------------------------------------+-----------------------------+------+
---------------------------------------------------------------------------------
Finished Writing Synthesis Report : Time (s): cpu = 00:00:08 ; elapsed = 00:00:19 . Memory (MB): peak = 857.242 ; gain = 563.176
---------------------------------------------------------------------------------
Synthesis finished with 0 errors, 0 critical warnings and 2 warnings.
Synthesis Optimization Runtime : Time (s): cpu = 00:00:05 ; elapsed = 00:00:14 . Memory (MB): peak = 857.242 ; gain = 202.664
Synthesis Optimization Complete : Time (s): cpu = 00:00:08 ; elapsed = 00:00:19 . Memory (MB): peak = 857.242 ; gain = 563.176
INFO: [Project 1-571] Translating synthesized netlist
INFO: [Netlist 29-17] Analyzing 1 Unisim elements for replacement
INFO: [Netlist 29-28] Unisim Transformation completed in 0 CPU seconds
INFO: [Project 1-570] Preparing netlist for logic optimization
INFO: [Opt 31-138] Pushed 0 inverter(s) to 0 load pin(s).
Netlist sorting complete. Time (s): cpu = 00:00:00 ; elapsed = 00:00:00 . Memory (MB): peak = 857.242 ; gain = 0.000
INFO: [Project 1-111] Unisim Transformation Summary:
No Unisim elements were transformed.

INFO: [Common 17-83] Releasing license: Synthesis
37 Infos, 2 Warnings, 0 Critical Warnings and 0 Errors encountered.
synth_design completed successfully
synth_design: Time (s): cpu = 00:00:09 ; elapsed = 00:00:21 . Memory (MB): peak = 857.242 ; gain = 570.191
Netlist sorting complete. Time (s): cpu = 00:00:00 ; elapsed = 00:00:00 . Memory (MB): peak = 857.242 ; gain = 0.000
WARNING: [Constraints 18-5210] No constraints selected for write.
Resolution: This message can indicate that there are no constraints for the design, or it can indicate that the used_in flags are set such that the constraints are ignored. This later case is used when running synth_design to not write synthesis constraints to the resulting checkpoint. Instead, project constraints are read when the synthesized design is opened.
INFO: [Common 17-1381] The checkpoint 'E:/laptrinh/vivado/final_project/convolution_mat/convolution_mat.runs/system_matrix_conv_0_0_synth_1/system_matrix_conv_0_0.dcp' has been generated.
INFO: [Coretcl 2-1648] Added synthesis output to IP cache for IP system_matrix_conv_0_0, cache-ID = f011b5a04385dbbc
INFO: [Coretcl 2-1174] Renamed 3 cell refs.
Netlist sorting complete. Time (s): cpu = 00:00:00 ; elapsed = 00:00:00 . Memory (MB): peak = 857.242 ; gain = 0.000
WARNING: [Constraints 18-5210] No constraints selected for write.
Resolution: This message can indicate that there are no constraints for the design, or it can indicate that the used_in flags are set such that the constraints are ignored. This later case is used when running synth_design to not write synthesis constraints to the resulting checkpoint. Instead, project constraints are read when the synthesized design is opened.
INFO: [Common 17-1381] The checkpoint 'E:/laptrinh/vivado/final_project/convolution_mat/convolution_mat.runs/system_matrix_conv_0_0_synth_1/system_matrix_conv_0_0.dcp' has been generated.
INFO: [runtcl-4] Executing : report_utilization -file system_matrix_conv_0_0_utilization_synth.rpt -pb system_matrix_conv_0_0_utilization_synth.pb
INFO: [Common 17-206] Exiting Vivado at Thu Dec 19 00:05:21 2024...
